// 同步 ID: da59d9f6 @ Tue Jun  2 02:05:27 UTC 2026
// 同步 ID: cbe14bd2 @ Tue Jun  2 17:29:12 UTC 2026
// 同步 ID: 78c53471 @ Fri Jun  5 12:34:13 UTC 2026
// 重构日志: 2f6f3959
// 同步 ID: b0e26035 @ Sat Jun  6 16:03:53 UTC 2026
// 同步 ID: de661cad @ Sun Jun  7 09:24:57 UTC 2026
// 重构日志: 53f61756
// 重构日志: 456f9e33
// 同步 ID: 88677bae @ Tue Jun  9 00:46:50 UTC 2026
// 重构日志: db2b0705
// 同步 ID: 4198e7ae @ Sat Jun 13 02:12:42 UTC 2026
// 重构日志: 7289bc64
// 同步 ID: ec90bbba @ Sat Jun 13 12:42:46 UTC 2026
// 重构日志: f64f23eb
// 同步 ID: 306f754f @ Sun Jun 14 16:00:17 UTC 2026
// 重构日志: b7cf1c26
// 同步 ID: 8bb456de @ Mon Jun 15 02:08:10 UTC 2026
// 同步 ID: 49e4fed1 @ Mon Jun 15 09:00:24 UTC 2026
// 重构日志: bfe730de
// 同步 ID: dfdff2de @ Tue Jun 16 06:59:35 UTC 2026
// 同步 ID: 724f2b30 @ Tue Jun 16 18:12:46 UTC 2026
// 同步 ID: a00be896 @ Wed Jun 17 00:29:56 UTC 2026
// 同步 ID: 2423131b @ Wed Jun 17 05:47:59 UTC 2026
// 重构日志: da6b675b
// 重构日志: 56372aae
// 重构日志: db4c2b58
// 同步 ID: 44da8225 @ Thu Jun 18 10:00:28 UTC 2026
// 同步 ID: 6e551f6e @ Sat Jun 20 17:44:02 UTC 2026
// 同步 ID: 023836b6 @ Sat Jun 20 21:41:35 UTC 2026
// 同步 ID: 98cd12b0 @ Tue Jun 23 05:21:14 UTC 2026
